  Assembling Main.asm...
Main.asm(1): error A2008: syntax error : .
Main.asm(2): error A2008: syntax error : .
Main.asm(17): error A2008: syntax error : ,
Main.asm(26): error A2008: syntax error : ,
Main.asm(33): error A2008: syntax error : ,
Main.asm(40): error A2008: syntax error : ,
Main.asm(43): error A2008: syntax error : ,
Main.asm(50): error A2008: syntax error : ,
Main.asm(56): error A2008: syntax error : ,
Main.asm(69): error A2008: syntax error : INVOKE
Main.asm(71): error A2008: syntax error : INVOKE
Main.asm(72): error A2008: syntax error : INVOKE
Main.asm(74): error A2008: syntax error : INVOKE
Main.asm(76): error A2008: syntax error : INVOKE
Main.asm(78): error A2008: syntax error : INVOKE
Main.asm(80): error A2008: syntax error : INVOKE
Main.asm(81): error A2008: syntax error : INVOKE
Main.asm(82): error A2008: syntax error : INVOKE
Main.asm(86): error A2008: syntax error : ReadProc
Main.asm(86): error A2088: END directive required at end of file
C:\Program Files\Microsoft Visual Studio\2022\Community\MSBuild\Microsoft\VC\v170\BuildCustomizations\masm.targets(70,5): error MSB3721: выход из команды "ml64.exe /c /nologo /Zi /Fo"x64\Debug\Main.obj" /W3 /errorReport:prompt  /TaMain.asm" с кодом "1".
